<?xml version="1.0" encoding="UTF-8"?>
<testsuite xmlns:xsi="http://www.w3.org/2001/XMLSchema-instance" xsi:noNamespaceSchemaLocation="https://maven.apache.org/surefire/maven-surefire-plugin/xsd/surefire-test-report-3.0.xsd" version="3.0" name="com.sigi.integration.InvoiceEndToEndTest" time="0.219" tests="1" errors="0" skipped="0" failures="0">
  <properties>
[...]
</properties>
  <testcase name="fullInvoiceFlow" classname="com.sigi.integration.InvoiceEndToEndTest" time="0.213">
    <system-out><![CDATA[2026-03-27 13:47:02 [] INFO  o.s.t.c.s.AnnotationConfigContextLoaderUtils - Could not detect default configuration classes for test class [com.sigi.integration.InvoiceEndToEndTest]: InvoiceEndToEndTest does not declare any static, non-private, non-final, nested classes annotated with @Configuration.
2026-03-27 13:47:02 [] INFO  o.s.b.t.c.SpringBootTestContextBootstrapper - Found @SpringBootConfiguration com.sigi.SigiBackendApplication for test class com.sigi.integration.InvoiceEndToEndTest
2026-03-27 13:47:02 [f049909c-7d3f-475e-8f5d-7112d4eeb734] INFO  c.s.p.controller.AuthController - (Login) -> Request received: POST /api/v1/auth/login
2026-03-27 13:47:02 [f049909c-7d3f-475e-8f5d-7112d4eeb734] DEBUG c.s.s.service.auth.AuthService - (authenticate) -> Performing operation...
2026-03-27 13:47:02 [f049909c-7d3f-475e-8f5d-7112d4eeb734] DEBUG org.hibernate.SQL - select u1_0.id,u1_0.active,u1_0.chat_notifications_enabled,u1_0.created_at,u1_0.created_by,u1_0.deleted_at,u1_0.deleted_by,u1_0.email,u1_0.last_login,u1_0.name,u1_0.notifications_enabled,u1_0.password,u1_0.phone_number,u1_0.role_id,r1_0.id,r1_0.name,u1_0.surname,u1_0.updated_at,u1_0.updated_by from users u1_0 join role r1_0 on r1_0.id=u1_0.role_id where u1_0.email=?
Hibernate: select u1_0.id,u1_0.active,u1_0.chat_notifications_enabled,u1_0.created_at,u1_0.created_by,u1_0.deleted_at,u1_0.deleted_by,u1_0.email,u1_0.last_login,u1_0.name,u1_0.notifications_enabled,u1_0.password,u1_0.phone_number,u1_0.role_id,r1_0.id,r1_0.name,u1_0.surname,u1_0.updated_at,u1_0.updated_by from users u1_0 join role r1_0 on r1_0.id=u1_0.role_id where u1_0.email=?
2026-03-27 13:47:02 [f049909c-7d3f-475e-8f5d-7112d4eeb734] DEBUG org.hibernate.SQL - select u1_0.id,u1_0.active,u1_0.chat_notifications_enabled,u1_0.created_at,u1_0.created_by,u1_0.deleted_at,u1_0.deleted_by,u1_0.email,u1_0.last_login,u1_0.name,u1_0.notifications_enabled,u1_0.password,u1_0.phone_number,u1_0.role_id,r1_0.id,r1_0.name,u1_0.surname,u1_0.updated_at,u1_0.updated_by from users u1_0 join role r1_0 on r1_0.id=u1_0.role_id where u1_0.email=?
Hibernate: select u1_0.id,u1_0.active,u1_0.chat_notifications_enabled,u1_0.created_at,u1_0.created_by,u1_0.deleted_at,u1_0.deleted_by,u1_0.email,u1_0.last_login,u1_0.name,u1_0.notifications_enabled,u1_0.password,u1_0.phone_number,u1_0.role_id,r1_0.id,r1_0.name,u1_0.surname,u1_0.updated_at,u1_0.updated_by from users u1_0 join role r1_0 on r1_0.id=u1_0.role_id where u1_0.email=?
2026-03-27 13:47:02 [f049909c-7d3f-475e-8f5d-7112d4eeb734] DEBUG org.hibernate.SQL - update users set active=?,chat_notifications_enabled=?,created_at=?,created_by=?,deleted_at=?,deleted_by=?,email=?,last_login=?,name=?,notifications_enabled=?,password=?,phone_number=?,role_id=?,surname=?,updated_at=?,updated_by=? where id=?
Hibernate: update users set active=?,chat_notifications_enabled=?,created_at=?,created_by=?,deleted_at=?,deleted_by=?,email=?,last_login=?,name=?,notifications_enabled=?,password=?,phone_number=?,role_id=?,surname=?,updated_at=?,updated_by=? where id=?
2026-03-27 13:47:02 [f049909c-7d3f-475e-8f5d-7112d4eeb734] INFO  c.s.s.service.auth.AuthService - (authenticate) -> Operation completed successfully.
2026-03-27 13:47:02 [f049909c-7d3f-475e-8f5d-7112d4eeb734] INFO  c.s.p.controller.AuthController - (Login) Response sent: Code= 200 OK, Message= Login completed successfully.
2026-03-27 13:47:02 [] DEBUG org.hibernate.SQL - select u1_0.id,u1_0.active,u1_0.chat_notifications_enabled,u1_0.created_at,u1_0.created_by,u1_0.deleted_at,u1_0.deleted_by,u1_0.email,u1_0.last_login,u1_0.name,u1_0.notifications_enabled,u1_0.password,u1_0.phone_number,u1_0.role_id,r1_0.id,r1_0.name,u1_0.surname,u1_0.updated_at,u1_0.updated_by from users u1_0 join role r1_0 on r1_0.id=u1_0.role_id where u1_0.email=?
Hibernate: select u1_0.id,u1_0.active,u1_0.chat_notifications_enabled,u1_0.created_at,u1_0.created_by,u1_0.deleted_at,u1_0.deleted_by,u1_0.email,u1_0.last_login,u1_0.name,u1_0.notifications_enabled,u1_0.password,u1_0.phone_number,u1_0.role_id,r1_0.id,r1_0.name,u1_0.surname,u1_0.updated_at,u1_0.updated_by from users u1_0 join role r1_0 on r1_0.id=u1_0.role_id where u1_0.email=?
2026-03-27 13:47:02 [498a9e77-f152-4bf5-813e-8afe2aa7595b] INFO  c.s.p.controller.ClientController - (createClient) -> Request received: POST /api/v1/clients
2026-03-27 13:47:02 [498a9e77-f152-4bf5-813e-8afe2aa7595b] DEBUG c.s.s.s.client.ClientServiceImpl - (createClient) -> Performing operation...
2026-03-27 13:47:02 [498a9e77-f152-4bf5-813e-8afe2aa7595b] INFO  c.s.s.s.client.ClientServiceImpl - (createClient) -> Operation completed successfully.
2026-03-27 13:47:02 [498a9e77-f152-4bf5-813e-8afe2aa7595b] DEBUG org.hibernate.SQL - insert into client (active,created_at,created_by,deleted_at,deleted_by,email,identification,location,name,phone,updated_at,updated_by,id) values (?,?,?,?,?,?,?,?,?,?,?,?,?)
Hibernate: insert into client (active,created_at,created_by,deleted_at,deleted_by,email,identification,location,name,phone,updated_at,updated_by,id) values (?,?,?,?,?,?,?,?,?,?,?,?,?)
2026-03-27 13:47:02 [498a9e77-f152-4bf5-813e-8afe2aa7595b] INFO  c.s.p.controller.ClientController - (createClient) -> Response sent: Code= 200, Message= Client has been created successfully.
2026-03-27 13:47:02 [] DEBUG org.hibernate.SQL - select u1_0.id,u1_0.active,u1_0.chat_notifications_enabled,u1_0.created_at,u1_0.created_by,u1_0.deleted_at,u1_0.deleted_by,u1_0.email,u1_0.last_login,u1_0.name,u1_0.notifications_enabled,u1_0.password,u1_0.phone_number,u1_0.role_id,r1_0.id,r1_0.name,u1_0.surname,u1_0.updated_at,u1_0.updated_by from users u1_0 join role r1_0 on r1_0.id=u1_0.role_id where u1_0.email=?
Hibernate: select u1_0.id,u1_0.active,u1_0.chat_notifications_enabled,u1_0.created_at,u1_0.created_by,u1_0.deleted_at,u1_0.deleted_by,u1_0.email,u1_0.last_login,u1_0.name,u1_0.notifications_enabled,u1_0.password,u1_0.phone_number,u1_0.role_id,r1_0.id,r1_0.name,u1_0.surname,u1_0.updated_at,u1_0.updated_by from users u1_0 join role r1_0 on r1_0.id=u1_0.role_id where u1_0.email=?
2026-03-27 13:47:02 [87506219-a254-40ee-aece-3a0df8d9debd] INFO  c.s.p.controller.UserController - (getUserByEmail) -> Request received: GET /api/v1/users/by-email
2026-03-27 13:47:02 [87506219-a254-40ee-aece-3a0df8d9debd] DEBUG c.s.s.service.user.UserServiceImpl - (getUserByEmail) -> Performing operation...
2026-03-27 13:47:02 [87506219-a254-40ee-aece-3a0df8d9debd] DEBUG org.hibernate.SQL - select u1_0.id,u1_0.active,u1_0.chat_notifications_enabled,u1_0.created_at,u1_0.created_by,u1_0.deleted_at,u1_0.deleted_by,u1_0.email,u1_0.last_login,u1_0.name,u1_0.notifications_enabled,u1_0.password,u1_0.phone_number,u1_0.role_id,r1_0.id,r1_0.name,u1_0.surname,u1_0.updated_at,u1_0.updated_by from users u1_0 join role r1_0 on r1_0.id=u1_0.role_id where u1_0.email=?
Hibernate: select u1_0.id,u1_0.active,u1_0.chat_notifications_enabled,u1_0.created_at,u1_0.created_by,u1_0.deleted_at,u1_0.deleted_by,u1_0.email,u1_0.last_login,u1_0.name,u1_0.notifications_enabled,u1_0.password,u1_0.phone_number,u1_0.role_id,r1_0.id,r1_0.name,u1_0.surname,u1_0.updated_at,u1_0.updated_by from users u1_0 join role r1_0 on r1_0.id=u1_0.role_id where u1_0.email=?
2026-03-27 13:47:02 [87506219-a254-40ee-aece-3a0df8d9debd] INFO  c.s.s.service.user.UserServiceImpl - (getUserByEmail) -> Operation completed successfully.
2026-03-27 13:47:02 [87506219-a254-40ee-aece-3a0df8d9debd] DEBUG org.hibernate.SQL - select cr1_0.user_id,cr1_1.id,cr1_1.active,a1_0.id,a1_0.active,a1_0.chat_notifications_enabled,a1_0.created_at,a1_0.created_by,a1_0.deleted_at,a1_0.deleted_by,a1_0.email,a1_0.last_login,a1_0.name,a1_0.notifications_enabled,a1_0.password,a1_0.phone_number,a1_0.role_id,r1_0.id,r1_0.name,a1_0.surname,a1_0.updated_at,a1_0.updated_by,cr1_1.created_at,cr1_1.name,cr1_1.updated_at from chatroom_users cr1_0 join chat_room cr1_1 on cr1_1.id=cr1_0.room_id left join users a1_0 on a1_0.id=cr1_1.admin_id left join role r1_0 on r1_0.id=a1_0.role_id where cr1_0.user_id=?
Hibernate: select cr1_0.user_id,cr1_1.id,cr1_1.active,a1_0.id,a1_0.active,a1_0.chat_notifications_enabled,a1_0.created_at,a1_0.created_by,a1_0.deleted_at,a1_0.deleted_by,a1_0.email,a1_0.last_login,a1_0.name,a1_0.notifications_enabled,a1_0.password,a1_0.phone_number,a1_0.role_id,r1_0.id,r1_0.name,a1_0.surname,a1_0.updated_at,a1_0.updated_by,cr1_1.created_at,cr1_1.name,cr1_1.updated_at from chatroom_users cr1_0 join chat_room cr1_1 on cr1_1.id=cr1_0.room_id left join users a1_0 on a1_0.id=cr1_1.admin_id left join role r1_0 on r1_0.id=a1_0.role_id where cr1_0.user_id=?
2026-03-27 13:47:02 [87506219-a254-40ee-aece-3a0df8d9debd] INFO  c.s.p.controller.UserController - (getUserByEmail) -> Response sent: Code= 200, Message= User has been retrieved successfully.
2026-03-27 13:47:02 [] DEBUG org.hibernate.SQL - select u1_0.id,u1_0.active,u1_0.chat_notifications_enabled,u1_0.created_at,u1_0.created_by,u1_0.deleted_at,u1_0.deleted_by,u1_0.email,u1_0.last_login,u1_0.name,u1_0.notifications_enabled,u1_0.password,u1_0.phone_number,u1_0.role_id,r1_0.id,r1_0.name,u1_0.surname,u1_0.updated_at,u1_0.updated_by from users u1_0 join role r1_0 on r1_0.id=u1_0.role_id where u1_0.email=?
Hibernate: select u1_0.id,u1_0.active,u1_0.chat_notifications_enabled,u1_0.created_at,u1_0.created_by,u1_0.deleted_at,u1_0.deleted_by,u1_0.email,u1_0.last_login,u1_0.name,u1_0.notifications_enabled,u1_0.password,u1_0.phone_number,u1_0.role_id,r1_0.id,r1_0.name,u1_0.surname,u1_0.updated_at,u1_0.updated_by from users u1_0 join role r1_0 on r1_0.id=u1_0.role_id where u1_0.email=?
2026-03-27 13:47:02 [2138291b-41c8-4e3a-b088-80d7ceb01556] INFO  c.s.p.controller.WarehouseController - (createWarehouse) -> Request received: POST /api/v1/warehouses
2026-03-27 13:47:02 [2138291b-41c8-4e3a-b088-80d7ceb01556] DEBUG c.s.s.s.w.WarehouseServiceImpl - (createWarehouse) -> Performing operation...
2026-03-27 13:47:02 [2138291b-41c8-4e3a-b088-80d7ceb01556] DEBUG org.hibernate.SQL - select w1_0.id from warehouse w1_0 where w1_0.name=? fetch first ? rows only
Hibernate: select w1_0.id from warehouse w1_0 where w1_0.name=? fetch first ? rows only
2026-03-27 13:47:02 [2138291b-41c8-4e3a-b088-80d7ceb01556] INFO  c.s.s.s.w.WarehouseServiceImpl - (createWarehouse) -> Operation completed successfully.
2026-03-27 13:47:02 [2138291b-41c8-4e3a-b088-80d7ceb01556] DEBUG org.hibernate.SQL - insert into warehouse (active,created_at,created_by,deleted_at,deleted_by,location,name,total_capacity,updated_at,updated_by,id) values (?,?,?,?,?,?,?,?,?,?,?)
Hibernate: insert into warehouse (active,created_at,created_by,deleted_at,deleted_by,location,name,total_capacity,updated_at,updated_by,id) values (?,?,?,?,?,?,?,?,?,?,?)
2026-03-27 13:47:02 [2138291b-41c8-4e3a-b088-80d7ceb01556] INFO  c.s.p.controller.WarehouseController - (createWarehouse) -> Response sent: Code= 200, Message= Warehouse has been created successfully.
2026-03-27 13:47:02 [] DEBUG org.hibernate.SQL - select u1_0.id,u1_0.active,u1_0.chat_notifications_enabled,u1_0.created_at,u1_0.created_by,u1_0.deleted_at,u1_0.deleted_by,u1_0.email,u1_0.last_login,u1_0.name,u1_0.notifications_enabled,u1_0.password,u1_0.phone_number,u1_0.role_id,r1_0.id,r1_0.name,u1_0.surname,u1_0.updated_at,u1_0.updated_by from users u1_0 join role r1_0 on r1_0.id=u1_0.role_id where u1_0.email=?
Hibernate: select u1_0.id,u1_0.active,u1_0.chat_notifications_enabled,u1_0.created_at,u1_0.created_by,u1_0.deleted_at,u1_0.deleted_by,u1_0.email,u1_0.last_login,u1_0.name,u1_0.notifications_enabled,u1_0.password,u1_0.phone_number,u1_0.role_id,r1_0.id,r1_0.name,u1_0.surname,u1_0.updated_at,u1_0.updated_by from users u1_0 join role r1_0 on r1_0.id=u1_0.role_id where u1_0.email=?
2026-03-27 13:47:02 [a5099b49-eaf3-4ef7-a1d5-24b874962b36] INFO  c.s.p.c.DispatcherController - (createDispatcher) -> Request received: POST /api/v1/dispatchers
2026-03-27 13:47:02 [a5099b49-eaf3-4ef7-a1d5-24b874962b36] DEBUG c.s.s.s.d.DispatcherServiceImpl - (createDispatcher) -> Performing operation...
2026-03-27 13:47:02 [a5099b49-eaf3-4ef7-a1d5-24b874962b36] DEBUG org.hibernate.SQL - select u1_0.id,u1_0.active,u1_0.chat_notifications_enabled,u1_0.created_at,u1_0.created_by,u1_0.deleted_at,u1_0.deleted_by,u1_0.email,u1_0.last_login,u1_0.name,u1_0.notifications_enabled,u1_0.password,u1_0.phone_number,u1_0.role_id,u1_0.surname,u1_0.updated_at,u1_0.updated_by from users u1_0 join role r1_0 on r1_0.id=u1_0.role_id where r1_0.name=?
Hibernate: select u1_0.id,u1_0.active,u1_0.chat_notifications_enabled,u1_0.created_at,u1_0.created_by,u1_0.deleted_at,u1_0.deleted_by,u1_0.email,u1_0.last_login,u1_0.name,u1_0.notifications_enabled,u1_0.password,u1_0.phone_number,u1_0.role_id,u1_0.surname,u1_0.updated_at,u1_0.updated_by from users u1_0 join role r1_0 on r1_0.id=u1_0.role_id where r1_0.name=?
2026-03-27 13:47:02 [a5099b49-eaf3-4ef7-a1d5-24b874962b36] DEBUG org.hibernate.SQL - select r1_0.id,r1_0.name from role r1_0 where r1_0.id=?
Hibernate: select r1_0.id,r1_0.name from role r1_0 where r1_0.id=?
2026-03-27 13:47:02 [a5099b49-eaf3-4ef7-a1d5-24b874962b36] DEBUG org.hibernate.SQL - select u1_0.id,u1_0.active,u1_0.chat_notifications_enabled,u1_0.created_at,u1_0.created_by,u1_0.deleted_at,u1_0.deleted_by,u1_0.email,u1_0.last_login,u1_0.name,u1_0.notifications_enabled,u1_0.password,u1_0.phone_number,u1_0.role_id,u1_0.surname,u1_0.updated_at,u1_0.updated_by from users u1_0 join role r1_0 on r1_0.id=u1_0.role_id where r1_0.name=?
Hibernate: select u1_0.id,u1_0.active,u1_0.chat_notifications_enabled,u1_0.created_at,u1_0.created_by,u1_0.deleted_at,u1_0.deleted_by,u1_0.email,u1_0.last_login,u1_0.name,u1_0.notifications_enabled,u1_0.password,u1_0.phone_number,u1_0.role_id,u1_0.surname,u1_0.updated_at,u1_0.updated_by from users u1_0 join role r1_0 on r1_0.id=u1_0.role_id where r1_0.name=?
2026-03-27 13:47:02 [a5099b49-eaf3-4ef7-a1d5-24b874962b36] DEBUG c.s.s.s.w.n.NotificationServiceImpl - (createNotification) -> Performing operation...
2026-03-27 13:47:02 [a5099b49-eaf3-4ef7-a1d5-24b874962b36] INFO  c.s.s.s.w.n.NotificationServiceImpl - (createNotification) -> Operation completed
2026-03-27 13:47:02 [a5099b49-eaf3-4ef7-a1d5-24b874962b36] INFO  c.s.s.s.d.DispatcherServiceImpl - (createDispatcher) -> Operation completed successfully.
2026-03-27 13:47:02 [a5099b49-eaf3-4ef7-a1d5-24b874962b36] DEBUG org.hibernate.SQL - insert into dispatcher (active,contact,created_at,created_by,deleted_at,deleted_by,email,identification,location,name,phone,updated_at,updated_by,id) values (?,?,?,?,?,?,?,?,?,?,?,?,?,?)
Hibernate: insert into dispatcher (active,contact,created_at,created_by,deleted_at,deleted_by,email,identification,location,name,phone,updated_at,updated_by,id) values (?,?,?,?,?,?,?,?,?,?,?,?,?,?)
2026-03-27 13:47:02 [a5099b49-eaf3-4ef7-a1d5-24b874962b36] DEBUG org.hibernate.SQL - insert into notification (created_at,is_read,message,title,user_id,id) values (?,?,?,?,?,?)
Hibernate: insert into notification (created_at,is_read,message,title,user_id,id) values (?,?,?,?,?,?)
2026-03-27 13:47:02 [a5099b49-eaf3-4ef7-a1d5-24b874962b36] INFO  c.s.p.c.DispatcherController - (createDispatcher) -> Response sent: Code= 200, Message= Dispatcher has been created successfully.
2026-03-27 13:47:02 [] DEBUG org.hibernate.SQL - select u1_0.id,u1_0.active,u1_0.chat_notifications_enabled,u1_0.created_at,u1_0.created_by,u1_0.deleted_at,u1_0.deleted_by,u1_0.email,u1_0.last_login,u1_0.name,u1_0.notifications_enabled,u1_0.password,u1_0.phone_number,u1_0.role_id,r1_0.id,r1_0.name,u1_0.surname,u1_0.updated_at,u1_0.updated_by from users u1_0 join role r1_0 on r1_0.id=u1_0.role_id where u1_0.email=?
Hibernate: select u1_0.id,u1_0.active,u1_0.chat_notifications_enabled,u1_0.created_at,u1_0.created_by,u1_0.deleted_at,u1_0.deleted_by,u1_0.email,u1_0.last_login,u1_0.name,u1_0.notifications_enabled,u1_0.password,u1_0.phone_number,u1_0.role_id,r1_0.id,r1_0.name,u1_0.surname,u1_0.updated_at,u1_0.updated_by from users u1_0 join role r1_0 on r1_0.id=u1_0.role_id where u1_0.email=?
2026-03-27 13:47:02 [04143cf9-a52a-4d43-a8b8-09e4a6143def] INFO  c.s.p.controller.OrderController - (createOrder) -> Request received: POST /api/v1/orders
2026-03-27 13:47:02 [04143cf9-a52a-4d43-a8b8-09e4a6143def] DEBUG c.s.s.service.order.OrderServiceImpl - (createOrder) -> Performing operation...
2026-03-27 13:47:02 [04143cf9-a52a-4d43-a8b8-09e4a6143def] DEBUG org.hibernate.SQL - select c1_0.id,c1_0.active,c1_0.created_at,c1_0.created_by,c1_0.deleted_at,c1_0.deleted_by,c1_0.email,c1_0.identification,c1_0.location,c1_0.name,c1_0.phone,c1_0.updated_at,c1_0.updated_by from client c1_0 where c1_0.id=?
Hibernate: select c1_0.id,c1_0.active,c1_0.created_at,c1_0.created_by,c1_0.deleted_at,c1_0.deleted_by,c1_0.email,c1_0.identification,c1_0.location,c1_0.name,c1_0.phone,c1_0.updated_at,c1_0.updated_by from client c1_0 where c1_0.id=?
2026-03-27 13:47:02 [04143cf9-a52a-4d43-a8b8-09e4a6143def] DEBUG org.hibernate.SQL - select u1_0.id,u1_0.active,u1_0.chat_notifications_enabled,u1_0.created_at,u1_0.created_by,u1_0.deleted_at,u1_0.deleted_by,u1_0.email,u1_0.last_login,u1_0.name,u1_0.notifications_enabled,u1_0.password,u1_0.phone_number,u1_0.role_id,r1_0.id,r1_0.name,u1_0.surname,u1_0.updated_at,u1_0.updated_by from users u1_0 join role r1_0 on r1_0.id=u1_0.role_id where u1_0.email=?
Hibernate: select u1_0.id,u1_0.active,u1_0.chat_notifications_enabled,u1_0.created_at,u1_0.created_by,u1_0.deleted_at,u1_0.deleted_by,u1_0.email,u1_0.last_login,u1_0.name,u1_0.notifications_enabled,u1_0.password,u1_0.phone_number,u1_0.role_id,r1_0.id,r1_0.name,u1_0.surname,u1_0.updated_at,u1_0.updated_by from users u1_0 join role r1_0 on r1_0.id=u1_0.role_id where u1_0.email=?
2026-03-27 13:47:02 [04143cf9-a52a-4d43-a8b8-09e4a6143def] DEBUG org.hibernate.SQL - select d1_0.id,d1_0.active,d1_0.contact,d1_0.created_at,d1_0.created_by,d1_0.deleted_at,d1_0.deleted_by,d1_0.email,d1_0.identification,d1_0.location,d1_0.name,d1_0.phone,d1_0.updated_at,d1_0.updated_by from dispatcher d1_0 where d1_0.id=?
Hibernate: select d1_0.id,d1_0.active,d1_0.contact,d1_0.created_at,d1_0.created_by,d1_0.deleted_at,d1_0.deleted_by,d1_0.email,d1_0.identification,d1_0.location,d1_0.name,d1_0.phone,d1_0.updated_at,d1_0.updated_by from dispatcher d1_0 where d1_0.id=?
2026-03-27 13:47:02 [04143cf9-a52a-4d43-a8b8-09e4a6143def] DEBUG org.hibernate.SQL - select w1_0.id,w1_0.active,w1_0.created_at,w1_0.created_by,w1_0.deleted_at,w1_0.deleted_by,w1_0.location,w1_0.name,w1_0.total_capacity,w1_0.updated_at,w1_0.updated_by from warehouse w1_0 where w1_0.id=?
Hibernate: select w1_0.id,w1_0.active,w1_0.created_at,w1_0.created_by,w1_0.deleted_at,w1_0.deleted_by,w1_0.location,w1_0.name,w1_0.total_capacity,w1_0.updated_at,w1_0.updated_by from warehouse w1_0 where w1_0.id=?
2026-03-27 13:47:02 [04143cf9-a52a-4d43-a8b8-09e4a6143def] DEBUG c.s.s.s.w.n.NotificationServiceImpl - (createNotification) -> Performing operation...
2026-03-27 13:47:02 [04143cf9-a52a-4d43-a8b8-09e4a6143def] INFO  c.s.s.s.w.n.NotificationServiceImpl - (createNotification) -> Operation completed
2026-03-27 13:47:02 [04143cf9-a52a-4d43-a8b8-09e4a6143def] INFO  c.s.s.service.order.OrderServiceImpl - (createOrder) -> Operation completed successfully.
2026-03-27 13:47:02 [04143cf9-a52a-4d43-a8b8-09e4a6143def] DEBUG org.hibernate.SQL - select cr1_0.user_id,cr1_1.id,cr1_1.active,a1_0.id,a1_0.active,a1_0.chat_notifications_enabled,a1_0.created_at,a1_0.created_by,a1_0.deleted_at,a1_0.deleted_by,a1_0.email,a1_0.last_login,a1_0.name,a1_0.notifications_enabled,a1_0.password,a1_0.phone_number,a1_0.role_id,r1_0.id,r1_0.name,a1_0.surname,a1_0.updated_at,a1_0.updated_by,cr1_1.created_at,cr1_1.name,cr1_1.updated_at from chatroom_users cr1_0 join chat_room cr1_1 on cr1_1.id=cr1_0.room_id left join users a1_0 on a1_0.id=cr1_1.admin_id left join role r1_0 on r1_0.id=a1_0.role_id where cr1_0.user_id=?
Hibernate: select cr1_0.user_id,cr1_1.id,cr1_1.active,a1_0.id,a1_0.active,a1_0.chat_notifications_enabled,a1_0.created_at,a1_0.created_by,a1_0.deleted_at,a1_0.deleted_by,a1_0.email,a1_0.last_login,a1_0.name,a1_0.notifications_enabled,a1_0.password,a1_0.phone_number,a1_0.role_id,r1_0.id,r1_0.name,a1_0.surname,a1_0.updated_at,a1_0.updated_by,cr1_1.created_at,cr1_1.name,cr1_1.updated_at from chatroom_users cr1_0 join chat_room cr1_1 on cr1_1.id=cr1_0.room_id left join users a1_0 on a1_0.id=cr1_1.admin_id left join role r1_0 on r1_0.id=a1_0.role_id where cr1_0.user_id=?
2026-03-27 13:47:02 [04143cf9-a52a-4d43-a8b8-09e4a6143def] DEBUG org.hibernate.SQL - insert into orders (active,client_id,created_at,created_by,deleted_at,deleted_by,dispatcher_id,status,total,updated_at,updated_by,user_id,warehouse_id,id) values (?,?,?,?,?,?,?,?,?,?,?,?,?,?)
Hibernate: insert into orders (active,client_id,created_at,created_by,deleted_at,deleted_by,dispatcher_id,status,total,updated_at,updated_by,user_id,warehouse_id,id) values (?,?,?,?,?,?,?,?,?,?,?,?,?,?)
2026-03-27 13:47:02 [04143cf9-a52a-4d43-a8b8-09e4a6143def] DEBUG org.hibernate.SQL - insert into notification (created_at,is_read,message,title,user_id,id) values (?,?,?,?,?,?)
Hibernate: insert into notification (created_at,is_read,message,title,user_id,id) values (?,?,?,?,?,?)
2026-03-27 13:47:02 [04143cf9-a52a-4d43-a8b8-09e4a6143def] INFO  c.s.p.controller.OrderController - (createOrder) -> Response sent: Code= 200, Message= Order has been created successfully.
2026-03-27 13:47:02 [] DEBUG org.hibernate.SQL - select u1_0.id,u1_0.active,u1_0.chat_notifications_enabled,u1_0.created_at,u1_0.created_by,u1_0.deleted_at,u1_0.deleted_by,u1_0.email,u1_0.last_login,u1_0.name,u1_0.notifications_enabled,u1_0.password,u1_0.phone_number,u1_0.role_id,r1_0.id,r1_0.name,u1_0.surname,u1_0.updated_at,u1_0.updated_by from users u1_0 join role r1_0 on r1_0.id=u1_0.role_id where u1_0.email=?
Hibernate: select u1_0.id,u1_0.active,u1_0.chat_notifications_enabled,u1_0.created_at,u1_0.created_by,u1_0.deleted_at,u1_0.deleted_by,u1_0.email,u1_0.last_login,u1_0.name,u1_0.notifications_enabled,u1_0.password,u1_0.phone_number,u1_0.role_id,r1_0.id,r1_0.name,u1_0.surname,u1_0.updated_at,u1_0.updated_by from users u1_0 join role r1_0 on r1_0.id=u1_0.role_id where u1_0.email=?
2026-03-27 13:47:02 [5613668f-3d95-4d72-9bbf-d7477c5bdfe7] INFO  c.s.p.controller.InvoiceController - (createInvoice) -> Request received: POST /api/v1/invoices
2026-03-27 13:47:02 [5613668f-3d95-4d72-9bbf-d7477c5bdfe7] DEBUG c.s.s.s.invoice.InvoiceServiceImpl - (createInvoice) -> Performing operation...
2026-03-27 13:47:02 [5613668f-3d95-4d72-9bbf-d7477c5bdfe7] DEBUG org.hibernate.SQL - select o1_0.id,o1_0.active,o1_0.client_id,o1_0.created_at,o1_0.created_by,o1_0.deleted_at,o1_0.deleted_by,o1_0.dispatcher_id,o1_0.status,o1_0.total,o1_0.updated_at,o1_0.updated_by,o1_0.user_id,o1_0.warehouse_id from orders o1_0 where o1_0.id=?
Hibernate: select o1_0.id,o1_0.active,o1_0.client_id,o1_0.created_at,o1_0.created_by,o1_0.deleted_at,o1_0.deleted_by,o1_0.dispatcher_id,o1_0.status,o1_0.total,o1_0.updated_at,o1_0.updated_by,o1_0.user_id,o1_0.warehouse_id from orders o1_0 where o1_0.id=?
2026-03-27 13:47:02 [5613668f-3d95-4d72-9bbf-d7477c5bdfe7] INFO  c.s.s.s.invoice.InvoiceServiceImpl - (createInvoice) -> Operation completed successfully.
2026-03-27 13:47:02 [5613668f-3d95-4d72-9bbf-d7477c5bdfe7] DEBUG org.hibernate.SQL - select c1_0.id,c1_0.active,c1_0.created_at,c1_0.created_by,c1_0.deleted_at,c1_0.deleted_by,c1_0.email,c1_0.identification,c1_0.location,c1_0.name,c1_0.phone,c1_0.updated_at,c1_0.updated_by from client c1_0 where c1_0.id=?
Hibernate: select c1_0.id,c1_0.active,c1_0.created_at,c1_0.created_by,c1_0.deleted_at,c1_0.deleted_by,c1_0.email,c1_0.identification,c1_0.location,c1_0.name,c1_0.phone,c1_0.updated_at,c1_0.updated_by from client c1_0 where c1_0.id=?
2026-03-27 13:47:02 [5613668f-3d95-4d72-9bbf-d7477c5bdfe7] DEBUG org.hibernate.SQL - select u1_0.id,u1_0.active,u1_0.chat_notifications_enabled,u1_0.created_at,u1_0.created_by,u1_0.deleted_at,u1_0.deleted_by,u1_0.email,u1_0.last_login,u1_0.name,u1_0.notifications_enabled,u1_0.password,u1_0.phone_number,u1_0.role_id,r1_0.id,r1_0.name,u1_0.surname,u1_0.updated_at,u1_0.updated_by from users u1_0 join role r1_0 on r1_0.id=u1_0.role_id where u1_0.id=?
Hibernate: select u1_0.id,u1_0.active,u1_0.chat_notifications_enabled,u1_0.created_at,u1_0.created_by,u1_0.deleted_at,u1_0.deleted_by,u1_0.email,u1_0.last_login,u1_0.name,u1_0.notifications_enabled,u1_0.password,u1_0.phone_number,u1_0.role_id,r1_0.id,r1_0.name,u1_0.surname,u1_0.updated_at,u1_0.updated_by from users u1_0 join role r1_0 on r1_0.id=u1_0.role_id where u1_0.id=?
2026-03-27 13:47:02 [5613668f-3d95-4d72-9bbf-d7477c5bdfe7] DEBUG org.hibernate.SQL - select cr1_0.user_id,cr1_1.id,cr1_1.active,a1_0.id,a1_0.active,a1_0.chat_notifications_enabled,a1_0.created_at,a1_0.created_by,a1_0.deleted_at,a1_0.deleted_by,a1_0.email,a1_0.last_login,a1_0.name,a1_0.notifications_enabled,a1_0.password,a1_0.phone_number,a1_0.role_id,r1_0.id,r1_0.name,a1_0.surname,a1_0.updated_at,a1_0.updated_by,cr1_1.created_at,cr1_1.name,cr1_1.updated_at from chatroom_users cr1_0 join chat_room cr1_1 on cr1_1.id=cr1_0.room_id left join users a1_0 on a1_0.id=cr1_1.admin_id left join role r1_0 on r1_0.id=a1_0.role_id where cr1_0.user_id=?
Hibernate: select cr1_0.user_id,cr1_1.id,cr1_1.active,a1_0.id,a1_0.active,a1_0.chat_notifications_enabled,a1_0.created_at,a1_0.created_by,a1_0.deleted_at,a1_0.deleted_by,a1_0.email,a1_0.last_login,a1_0.name,a1_0.notifications_enabled,a1_0.password,a1_0.phone_number,a1_0.role_id,r1_0.id,r1_0.name,a1_0.surname,a1_0.updated_at,a1_0.updated_by,cr1_1.created_at,cr1_1.name,cr1_1.updated_at from chatroom_users cr1_0 join chat_room cr1_1 on cr1_1.id=cr1_0.room_id left join users a1_0 on a1_0.id=cr1_1.admin_id left join role r1_0 on r1_0.id=a1_0.role_id where cr1_0.user_id=?
2026-03-27 13:47:02 [5613668f-3d95-4d72-9bbf-d7477c5bdfe7] DEBUG org.hibernate.SQL - select w1_0.id,w1_0.active,w1_0.created_at,w1_0.created_by,w1_0.deleted_at,w1_0.deleted_by,w1_0.location,w1_0.name,w1_0.total_capacity,w1_0.updated_at,w1_0.updated_by from warehouse w1_0 where w1_0.id=?
Hibernate: select w1_0.id,w1_0.active,w1_0.created_at,w1_0.created_by,w1_0.deleted_at,w1_0.deleted_by,w1_0.location,w1_0.name,w1_0.total_capacity,w1_0.updated_at,w1_0.updated_by from warehouse w1_0 where w1_0.id=?
2026-03-27 13:47:02 [5613668f-3d95-4d72-9bbf-d7477c5bdfe7] DEBUG org.hibernate.SQL - select d1_0.id,d1_0.active,d1_0.contact,d1_0.created_at,d1_0.created_by,d1_0.deleted_at,d1_0.deleted_by,d1_0.email,d1_0.identification,d1_0.location,d1_0.name,d1_0.phone,d1_0.updated_at,d1_0.updated_by from dispatcher d1_0 where d1_0.id=?
Hibernate: select d1_0.id,d1_0.active,d1_0.contact,d1_0.created_at,d1_0.created_by,d1_0.deleted_at,d1_0.deleted_by,d1_0.email,d1_0.identification,d1_0.location,d1_0.name,d1_0.phone,d1_0.updated_at,d1_0.updated_by from dispatcher d1_0 where d1_0.id=?
2026-03-27 13:47:02 [5613668f-3d95-4d72-9bbf-d7477c5bdfe7] DEBUG org.hibernate.SQL - select l1_0.order_id,l1_0.id,l1_0.active,l1_0.created_at,l1_0.created_by,l1_0.deleted_at,l1_0.deleted_by,l1_0.inventory_id,l1_0.lot,l1_0.product_id,l1_0.quantity,l1_0.unit_price,l1_0.updated_at,l1_0.updated_by from online_order l1_0 where l1_0.order_id=?
Hibernate: select l1_0.order_id,l1_0.id,l1_0.active,l1_0.created_at,l1_0.created_by,l1_0.deleted_at,l1_0.deleted_by,l1_0.inventory_id,l1_0.lot,l1_0.product_id,l1_0.quantity,l1_0.unit_price,l1_0.updated_at,l1_0.updated_by from online_order l1_0 where l1_0.order_id=?
2026-03-27 13:47:02 [5613668f-3d95-4d72-9bbf-d7477c5bdfe7] DEBUG org.hibernate.SQL - insert into invoices (active,client_id,created_at,created_by,deleted_at,deleted_by,number,order_id,status,subtotal,tax,total,updated_at,updated_by,id) values (?,?,?,?,?,?,?,?,?,?,?,?,?,?,?)
Hibernate: insert into invoices (active,client_id,created_at,created_by,deleted_at,deleted_by,number,order_id,status,subtotal,tax,total,updated_at,updated_by,id) values (?,?,?,?,?,?,?,?,?,?,?,?,?,?,?)
2026-03-27 13:47:02 [5613668f-3d95-4d72-9bbf-d7477c5bdfe7] DEBUG org.hibernate.SQL - update orders set active=?,client_id=?,created_at=?,created_by=?,deleted_at=?,deleted_by=?,dispatcher_id=?,status=?,total=?,updated_at=?,updated_by=?,user_id=?,warehouse_id=? where id=?
Hibernate: update orders set active=?,client_id=?,created_at=?,created_by=?,deleted_at=?,deleted_by=?,dispatcher_id=?,status=?,total=?,updated_at=?,updated_by=?,user_id=?,warehouse_id=? where id=?
2026-03-27 13:47:02 [5613668f-3d95-4d72-9bbf-d7477c5bdfe7] INFO  c.s.p.controller.InvoiceController - (createInvoice) -> Response sent: Code= 200, Message= Invoice created
2026-03-27 13:47:02 [] DEBUG org.hibernate.SQL - select u1_0.id,u1_0.active,u1_0.chat_notifications_enabled,u1_0.created_at,u1_0.created_by,u1_0.deleted_at,u1_0.deleted_by,u1_0.email,u1_0.last_login,u1_0.name,u1_0.notifications_enabled,u1_0.password,u1_0.phone_number,u1_0.role_id,r1_0.id,r1_0.name,u1_0.surname,u1_0.updated_at,u1_0.updated_by from users u1_0 join role r1_0 on r1_0.id=u1_0.role_id where u1_0.email=?
Hibernate: select u1_0.id,u1_0.active,u1_0.chat_notifications_enabled,u1_0.created_at,u1_0.created_by,u1_0.deleted_at,u1_0.deleted_by,u1_0.email,u1_0.last_login,u1_0.name,u1_0.notifications_enabled,u1_0.password,u1_0.phone_number,u1_0.role_id,r1_0.id,r1_0.name,u1_0.surname,u1_0.updated_at,u1_0.updated_by from users u1_0 join role r1_0 on r1_0.id=u1_0.role_id where u1_0.email=?
2026-03-27 13:47:02 [208244f4-a0c2-432a-b7a3-d5fc8d56d703] INFO  c.s.p.controller.InvoiceController - (getInvoiceById) -> Request received: GET /api/v1/invoices/11b655b7-3a93-4b30-877f-434e1c9570ca
2026-03-27 13:47:02 [208244f4-a0c2-432a-b7a3-d5fc8d56d703] DEBUG c.s.s.s.invoice.InvoiceServiceImpl - (getInvoiceById) -> Performing operation...
2026-03-27 13:47:02 [208244f4-a0c2-432a-b7a3-d5fc8d56d703] DEBUG org.hibernate.SQL - select i1_0.id,i1_0.active,i1_0.client_id,i1_0.created_at,i1_0.created_by,i1_0.deleted_at,i1_0.deleted_by,i1_0.number,i1_0.order_id,i1_0.status,i1_0.subtotal,i1_0.tax,i1_0.total,i1_0.updated_at,i1_0.updated_by from invoices i1_0 where i1_0.id=?
Hibernate: select i1_0.id,i1_0.active,i1_0.client_id,i1_0.created_at,i1_0.created_by,i1_0.deleted_at,i1_0.deleted_by,i1_0.number,i1_0.order_id,i1_0.status,i1_0.subtotal,i1_0.tax,i1_0.total,i1_0.updated_at,i1_0.updated_by from invoices i1_0 where i1_0.id=?
2026-03-27 13:47:02 [208244f4-a0c2-432a-b7a3-d5fc8d56d703] INFO  c.s.s.s.invoice.InvoiceServiceImpl - (getInvoiceById) -> Operation completed successfully.
2026-03-27 13:47:02 [208244f4-a0c2-432a-b7a3-d5fc8d56d703] DEBUG org.hibernate.SQL - select c1_0.id,c1_0.active,c1_0.created_at,c1_0.created_by,c1_0.deleted_at,c1_0.deleted_by,c1_0.email,c1_0.identification,c1_0.location,c1_0.name,c1_0.phone,c1_0.updated_at,c1_0.updated_by from client c1_0 where c1_0.id=?
Hibernate: select c1_0.id,c1_0.active,c1_0.created_at,c1_0.created_by,c1_0.deleted_at,c1_0.deleted_by,c1_0.email,c1_0.identification,c1_0.location,c1_0.name,c1_0.phone,c1_0.updated_at,c1_0.updated_by from client c1_0 where c1_0.id=?
2026-03-27 13:47:02 [208244f4-a0c2-432a-b7a3-d5fc8d56d703] DEBUG org.hibernate.SQL - select o1_0.id,o1_0.active,o1_0.client_id,o1_0.created_at,o1_0.created_by,o1_0.deleted_at,o1_0.deleted_by,o1_0.dispatcher_id,o1_0.status,o1_0.total,o1_0.updated_at,o1_0.updated_by,o1_0.user_id,o1_0.warehouse_id from orders o1_0 where o1_0.id=?
Hibernate: select o1_0.id,o1_0.active,o1_0.client_id,o1_0.created_at,o1_0.created_by,o1_0.deleted_at,o1_0.deleted_by,o1_0.dispatcher_id,o1_0.status,o1_0.total,o1_0.updated_at,o1_0.updated_by,o1_0.user_id,o1_0.warehouse_id from orders o1_0 where o1_0.id=?
2026-03-27 13:47:02 [208244f4-a0c2-432a-b7a3-d5fc8d56d703] DEBUG org.hibernate.SQL - select u1_0.id,u1_0.active,u1_0.chat_notifications_enabled,u1_0.created_at,u1_0.created_by,u1_0.deleted_at,u1_0.deleted_by,u1_0.email,u1_0.last_login,u1_0.name,u1_0.notifications_enabled,u1_0.password,u1_0.phone_number,u1_0.role_id,r1_0.id,r1_0.name,u1_0.surname,u1_0.updated_at,u1_0.updated_by from users u1_0 join role r1_0 on r1_0.id=u1_0.role_id where u1_0.id=?
Hibernate: select u1_0.id,u1_0.active,u1_0.chat_notifications_enabled,u1_0.created_at,u1_0.created_by,u1_0.deleted_at,u1_0.deleted_by,u1_0.email,u1_0.last_login,u1_0.name,u1_0.notifications_enabled,u1_0.password,u1_0.phone_number,u1_0.role_id,r1_0.id,r1_0.name,u1_0.surname,u1_0.updated_at,u1_0.updated_by from users u1_0 join role r1_0 on r1_0.id=u1_0.role_id where u1_0.id=?
2026-03-27 13:47:02 [208244f4-a0c2-432a-b7a3-d5fc8d56d703] DEBUG org.hibernate.SQL - select cr1_0.user_id,cr1_1.id,cr1_1.active,a1_0.id,a1_0.active,a1_0.chat_notifications_enabled,a1_0.created_at,a1_0.created_by,a1_0.deleted_at,a1_0.deleted_by,a1_0.email,a1_0.last_login,a1_0.name,a1_0.notifications_enabled,a1_0.password,a1_0.phone_number,a1_0.role_id,r1_0.id,r1_0.name,a1_0.surname,a1_0.updated_at,a1_0.updated_by,cr1_1.created_at,cr1_1.name,cr1_1.updated_at from chatroom_users cr1_0 join chat_room cr1_1 on cr1_1.id=cr1_0.room_id left join users a1_0 on a1_0.id=cr1_1.admin_id left join role r1_0 on r1_0.id=a1_0.role_id where cr1_0.user_id=?
Hibernate: select cr1_0.user_id,cr1_1.id,cr1_1.active,a1_0.id,a1_0.active,a1_0.chat_notifications_enabled,a1_0.created_at,a1_0.created_by,a1_0.deleted_at,a1_0.deleted_by,a1_0.email,a1_0.last_login,a1_0.name,a1_0.notifications_enabled,a1_0.password,a1_0.phone_number,a1_0.role_id,r1_0.id,r1_0.name,a1_0.surname,a1_0.updated_at,a1_0.updated_by,cr1_1.created_at,cr1_1.name,cr1_1.updated_at from chatroom_users cr1_0 join chat_room cr1_1 on cr1_1.id=cr1_0.room_id left join users a1_0 on a1_0.id=cr1_1.admin_id left join role r1_0 on r1_0.id=a1_0.role_id where cr1_0.user_id=?
2026-03-27 13:47:02 [208244f4-a0c2-432a-b7a3-d5fc8d56d703] DEBUG org.hibernate.SQL - select w1_0.id,w1_0.active,w1_0.created_at,w1_0.created_by,w1_0.deleted_at,w1_0.deleted_by,w1_0.location,w1_0.name,w1_0.total_capacity,w1_0.updated_at,w1_0.updated_by from warehouse w1_0 where w1_0.id=?
Hibernate: select w1_0.id,w1_0.active,w1_0.created_at,w1_0.created_by,w1_0.deleted_at,w1_0.deleted_by,w1_0.location,w1_0.name,w1_0.total_capacity,w1_0.updated_at,w1_0.updated_by from warehouse w1_0 where w1_0.id=?
2026-03-27 13:47:02 [208244f4-a0c2-432a-b7a3-d5fc8d56d703] DEBUG org.hibernate.SQL - select d1_0.id,d1_0.active,d1_0.contact,d1_0.created_at,d1_0.created_by,d1_0.deleted_at,d1_0.deleted_by,d1_0.email,d1_0.identification,d1_0.location,d1_0.name,d1_0.phone,d1_0.updated_at,d1_0.updated_by from dispatcher d1_0 where d1_0.id=?
Hibernate: select d1_0.id,d1_0.active,d1_0.contact,d1_0.created_at,d1_0.created_by,d1_0.deleted_at,d1_0.deleted_by,d1_0.email,d1_0.identification,d1_0.location,d1_0.name,d1_0.phone,d1_0.updated_at,d1_0.updated_by from dispatcher d1_0 where d1_0.id=?
2026-03-27 13:47:02 [208244f4-a0c2-432a-b7a3-d5fc8d56d703] DEBUG org.hibernate.SQL - select l1_0.order_id,l1_0.id,l1_0.active,l1_0.created_at,l1_0.created_by,l1_0.deleted_at,l1_0.deleted_by,l1_0.inventory_id,l1_0.lot,l1_0.product_id,l1_0.quantity,l1_0.unit_price,l1_0.updated_at,l1_0.updated_by from online_order l1_0 where l1_0.order_id=?
Hibernate: select l1_0.order_id,l1_0.id,l1_0.active,l1_0.created_at,l1_0.created_by,l1_0.deleted_at,l1_0.deleted_by,l1_0.inventory_id,l1_0.lot,l1_0.product_id,l1_0.quantity,l1_0.unit_price,l1_0.updated_at,l1_0.updated_by from online_order l1_0 where l1_0.order_id=?
2026-03-27 13:47:02 [208244f4-a0c2-432a-b7a3-d5fc8d56d703] INFO  c.s.p.controller.InvoiceController - (getInvoiceById) -> Response sent: Code= 200, Message= Invoice has been retrieved successfully.
]]></system-out>
  </testcase>
</testsuite>