<?xml version="1.0" encoding="UTF-8"?>
<testsuite xmlns:xsi="http://www.w3.org/2001/XMLSchema-instance" xsi:noNamespaceSchemaLocation="https://maven.apache.org/surefire/maven-surefire-plugin/xsd/surefire-test-report-3.0.xsd" version="3.0" name="com.sigi.presentation.controller.ClientControllerTest" time="0.51" tests="12" errors="0" skipped="0" failures="0">
  <properties>
[...]
</properties>
  <testcase name="deleteClient_success_delegatesToService" classname="com.sigi.presentation.controller.ClientControllerTest" time="0.018">
    <system-out><![CDATA[2026-03-27 16:08:28 [] INFO  o.s.t.c.s.AnnotationConfigContextLoaderUtils - Could not detect default configuration classes for test class [com.sigi.presentation.controller.ClientControllerTest]: ClientControllerTest does not declare any static, non-private, non-final, nested classes annotated with @Configuration.
2026-03-27 16:08:28 [] INFO  o.s.b.t.c.SpringBootTestContextBootstrapper - Found @SpringBootConfiguration com.sigi.SigiBackendApplication for test class com.sigi.presentation.controller.ClientControllerTest

  .   ____          _            __ _ _
 /\\ / ___'_ __ _ _(_)_ __  __ _ \ \ \ \
( ( )\___ | '_ | '_| | '_ \/ _` | \ \ \ \
 \\/  ___)| |_)| | | | | || (_| |  ) ) ) )
  '  |____| .__|_| |_|_| |_\__, | / / / /
 =========|_|==============|___/=/_/_/_/

 :: Spring Boot ::                (v3.3.5)

2026-03-27 16:08:28 [] INFO  c.s.p.c.ClientControllerTest - Starting ClientControllerTest using Java 21.0.4 with PID 16932 (started by LENOVO in C:\dev\sigi-backend)
2026-03-27 16:08:28 [] DEBUG c.s.p.c.ClientControllerTest - Running with Spring Boot v3.3.5, Spring v6.1.14
2026-03-27 16:08:28 [] INFO  c.s.p.c.ClientControllerTest - No active profile set, falling back to 1 default profile: "default"
2026-03-27 16:08:28 [] WARN  o.s.b.a.s.s.UserDetailsServiceAutoConfiguration - 

Using generated security password: 914dff49-4d26-4b87-87dc-e148c8e15bfe

This generated password is for development use only. Your security configuration must be updated before running your application in production.

2026-03-27 16:08:28 [] INFO  o.s.s.c.a.a.c.InitializeUserDetailsBeanManagerConfigurer$InitializeUserDetailsManagerConfigurer - Global AuthenticationManager configured with UserDetailsService bean with name inMemoryUserDetailsManager
2026-03-27 16:08:28 [] INFO  o.s.b.t.m.w.SpringBootMockServletContext - Initializing Spring TestDispatcherServlet ''
2026-03-27 16:08:28 [] INFO  o.s.t.w.s.TestDispatcherServlet - Initializing Servlet ''
2026-03-27 16:08:28 [] INFO  o.s.t.w.s.TestDispatcherServlet - Completed initialization in 0 ms
2026-03-27 16:08:28 [] INFO  c.s.p.c.ClientControllerTest - Started ClientControllerTest in 0.383 seconds (process running for 6.315)
2026-03-27 16:08:28 [] INFO  c.s.p.controller.ClientController - (deleteClient) -> Request received: DELETE /api/v1/clients/94464467-fd84-4b68-8c28-81c870964d37
2026-03-27 16:08:28 [] INFO  c.s.p.controller.ClientController - (deleteClient) -> Response sent: Code= 200, Message= Deleted
]]></system-out>
  </testcase>
  <testcase name="updateClient_success_delegatesToService" classname="com.sigi.presentation.controller.ClientControllerTest" time="0.019">
    <system-out><![CDATA[2026-03-27 16:08:28 [] INFO  c.s.p.controller.ClientController - (updateClient) -> Request received: PUT /api/v1/clients/993b8c83-8ddd-4568-80c8-6dba2ec40d3b
2026-03-27 16:08:28 [] INFO  c.s.p.controller.ClientController - (updateClient) -> Response sent: Code= 200, Message= Client updated
]]></system-out>
  </testcase>
  <testcase name="listAllDeletedClients_returnsPaged" classname="com.sigi.presentation.controller.ClientControllerTest" time="0.007">
    <system-out><![CDATA[2026-03-27 16:08:28 [] INFO  c.s.p.controller.ClientController - (listAllDeletedClients) -> Request received: GET /api/v1/clients/deleted
2026-03-27 16:08:28 [] INFO  c.s.p.controller.ClientController - (listAllDeletedClients) -> Response sent: Code= 200, Message= OK
]]></system-out>
  </testcase>
  <testcase name="restoreClient_success_delegatesToService" classname="com.sigi.presentation.controller.ClientControllerTest" time="0.004">
    <system-out><![CDATA[2026-03-27 16:08:28 [] INFO  c.s.p.controller.ClientController - (restoreClient) -> Request received: PUT /api/v1/clients/dec5ec2b-ede6-47c8-8a34-443478ed6183/restore
2026-03-27 16:08:28 [] INFO  c.s.p.controller.ClientController - (restoreClient) -> Response sent: Code= 200, Message= Restored
]]></system-out>
  </testcase>
  <testcase name="listAllActiveClients_returnsPaged" classname="com.sigi.presentation.controller.ClientControllerTest" time="0.004">
    <system-out><![CDATA[2026-03-27 16:08:28 [] INFO  c.s.p.controller.ClientController - (listAllActiveClients) -> Request received: GET /api/v1/clients
2026-03-27 16:08:28 [] INFO  c.s.p.controller.ClientController - Full request path: http://localhost/api/v1/clients?null
2026-03-27 16:08:28 [] INFO  c.s.p.controller.ClientController - (listAllActiveClients) -> Response sent: Code= 200, Message= OK
]]></system-out>
  </testcase>
  <testcase name="getDeletedClientById_returnsClient" classname="com.sigi.presentation.controller.ClientControllerTest" time="0.006">
    <system-out><![CDATA[2026-03-27 16:08:28 [] INFO  c.s.p.controller.ClientController - (getDeletedClientById) -> Request received: GET /api/v1/clients/deleted/50458826-4689-4875-b50b-e676e60202fc
2026-03-27 16:08:28 [] INFO  c.s.p.controller.ClientController - (getDeletedClientById) -> Response sent: Code= 200, Message= Found deleted
]]></system-out>
  </testcase>
  <testcase name="listDeletedClientsByName_delegatesAndReturnsPaged" classname="com.sigi.presentation.controller.ClientControllerTest" time="0.006">
    <system-out><![CDATA[2026-03-27 16:08:28 [] INFO  c.s.p.controller.ClientController - (listDeletedClientsByName) -> Request received: GET /api/v1/clients/deleted/by-name
2026-03-27 16:08:28 [] INFO  c.s.p.controller.ClientController - (listDeletedClientsByName) -> Response sent: Code= 200, Message= OK
]]></system-out>
  </testcase>
  <testcase name="createClient_success_returnsCreatedClient" classname="com.sigi.presentation.controller.ClientControllerTest" time="0.006">
    <system-out><![CDATA[2026-03-27 16:08:28 [] INFO  c.s.p.controller.ClientController - (createClient) -> Request received: POST /api/v1/clients
2026-03-27 16:08:28 [] INFO  c.s.p.controller.ClientController - (createClient) -> Response sent: Code= 200, Message= Client created
]]></system-out>
  </testcase>
  <testcase name="getClientById_returnsClient" classname="com.sigi.presentation.controller.ClientControllerTest" time="0.004">
    <system-out><![CDATA[2026-03-27 16:08:28 [] INFO  c.s.p.controller.ClientController - (getClientById) -> Request received: GET /api/v1/clients/f4040eee-7696-4ee6-8072-bca628857154
2026-03-27 16:08:28 [] INFO  c.s.p.controller.ClientController - (getClientById) -> Response sent: Code= 200, Message= Found
]]></system-out>
  </testcase>
  <testcase name="createClient_validationFails_returnsBadRequest" classname="com.sigi.presentation.controller.ClientControllerTest" time="0.007">
    <system-out><![CDATA[2026-03-27 16:08:28 [] WARN  c.s.s.e.GlobalExceptionHandler - Validation error. type=MethodArgumentNotValidException, message=Validation failed for argument [0] in public org.springframework.http.ResponseEntity<com.sigi.presentation.dto.response.ApiResponse<com.sigi.presentation.dto.client.ClientDto>> com.sigi.presentation.controller.ClientController.createClient(com.sigi.presentation.dto.client.NewClientDto,jakarta.servlet.http.HttpServletRequest) with 5 errors: [Field error in object 'newClientDto' on field 'identification': rejected value []; codes [NotBlank.newClientDto.identification,NotBlank.identification,NotBlank.java.lang.String,NotBlank]; arguments [org.springframework.context.support.DefaultMessageSourceResolvable: codes [newClientDto.identification,identification]; arguments []; default message [identification]]; default message [Identification must not be empty.]] [Field error in object 'newClientDto' on field 'name': rejected value []; codes [Size.newClientDto.name,Size.name,Size.java.lang.String,Size]; arguments [org.springframework.context.support.DefaultMessageSourceResolvable: codes [newClientDto.name,name]; arguments []; default message [name],100,2]; default message [Name must be between 2 and 100 characters.]] [Field error in object 'newClientDto' on field 'name': rejected value []; codes [NotBlank.newClientDto.name,NotBlank.name,NotBlank.java.lang.String,NotBlank]; arguments [org.springframework.context.support.DefaultMessageSourceResolvable: codes [newClientDto.name,name]; arguments []; default message [name]]; default message [Name must not be empty.]] [Field error in object 'newClientDto' on field 'identification': rejected value []; codes [Pattern.newClientDto.identification,Pattern.identification,Pattern.java.lang.String,Pattern]; arguments [org.springframework.context.support.DefaultMessageSourceResolvable: codes [newClientDto.identification,identification]; arguments []; default message [identification],[Ljakarta.validation.constraints.Pattern$Flag;@5292d417,^[A-Za-z0-9\-]+$]; default message [Identification may contain only letters, numbers and hyphens.]] [Field error in object 'newClientDto' on field 'identification': rejected value []; codes [Size.newClientDto.identification,Size.identification,Size.java.lang.String,Size]; arguments [org.springframework.context.support.DefaultMessageSourceResolvable: codes [newClientDto.identification,identification]; arguments []; default message [identification],30,5]; default message [Identification must be between 5 and 30 characters.]] 
]]></system-out>
  </testcase>
  <testcase name="getClientByIdentification_delegatesAndReturns" classname="com.sigi.presentation.controller.ClientControllerTest" time="0.007">
    <system-out><![CDATA[2026-03-27 16:08:28 [] INFO  c.s.p.controller.ClientController - (getClientByIdentification) -> Request received: GET /api/v1/clients/by-identification
2026-03-27 16:08:28 [] INFO  c.s.p.controller.ClientController - (getClientByIdentification) -> Response sent: Code= 200, Message= Found
]]></system-out>
  </testcase>
  <testcase name="listClientsByName_delegatesAndReturnsPaged" classname="com.sigi.presentation.controller.ClientControllerTest" time="0.007">
    <system-out><![CDATA[2026-03-27 16:08:28 [] INFO  c.s.p.controller.ClientController - (listClientsByName) -> Request received: GET /api/v1/clients/by-name
2026-03-27 16:08:28 [] INFO  c.s.p.controller.ClientController - (listClientsByName) -> Response sent: Code= 200, Message= OK
]]></system-out>
  </testcase>
</testsuite>