<?xml version="1.0" encoding="UTF-8"?>
<testsuite xmlns:xsi="http://www.w3.org/2001/XMLSchema-instance" xsi:noNamespaceSchemaLocation="https://maven.apache.org/surefire/maven-surefire-plugin/xsd/surefire-test-report-3.0.xsd" version="3.0" name="com.sigi.SigiBackendApplicationTests" time="5.794" tests="1" errors="0" skipped="0" failures="0">
  <properties>
[...]
</properties>
  <testcase name="contextLoads" classname="com.sigi.SigiBackendApplicationTests" time="0.004">
    <system-out><![CDATA[2026-03-27 18:11:04 [] INFO  o.s.t.c.s.AnnotationConfigContextLoaderUtils - Could not detect default configuration classes for test class [com.sigi.SigiBackendApplicationTests]: SigiBackendApplicationTests does not declare any static, non-private, non-final, nested classes annotated with @Configuration.
2026-03-27 18:11:04 [] INFO  o.s.b.t.c.SpringBootTestContextBootstrapper - Found @SpringBootConfiguration com.sigi.SigiBackendApplication for test class com.sigi.SigiBackendApplicationTests

  .   ____          _            __ _ _
 /\\ / ___'_ __ _ _(_)_ __  __ _ \ \ \ \
( ( )\___ | '_ | '_| | '_ \/ _` | \ \ \ \
 \\/  ___)| |_)| | | | | || (_| |  ) ) ) )
  '  |____| .__|_| |_|_| |_\__, | / / / /
 =========|_|==============|___/=/_/_/_/

 :: Spring Boot ::                (v3.3.5)

2026-03-27 18:11:04 [] INFO  c.sigi.SigiBackendApplicationTests - Starting SigiBackendApplicationTests using Java 21.0.4 with PID 10816 (started by LENOVO in C:\dev\sigi-backend)
2026-03-27 18:11:04 [] DEBUG c.sigi.SigiBackendApplicationTests - Running with Spring Boot v3.3.5, Spring v6.1.14
2026-03-27 18:11:04 [] INFO  c.sigi.SigiBackendApplicationTests - The following 1 profile is active: "test"
2026-03-27 18:11:05 [] INFO  o.s.d.r.c.RepositoryConfigurationDelegate - Bootstrapping Spring Data JPA repositories in DEFAULT mode.
2026-03-27 18:11:05 [] INFO  o.s.d.r.c.RepositoryConfigurationDelegate - Finished Spring Data repository scanning in 90 ms. Found 14 JPA repository interfaces.
2026-03-27 18:11:06 [] INFO  o.h.jpa.internal.util.LogHelper - HHH000204: Processing PersistenceUnitInfo [name: default]
2026-03-27 18:11:06 [] INFO  org.hibernate.Version - HHH000412: Hibernate ORM core version 6.5.3.Final
2026-03-27 18:11:06 [] INFO  o.h.c.i.RegionFactoryInitiator - HHH000026: Second-level cache disabled
2026-03-27 18:11:06 [] INFO  o.s.o.j.p.SpringPersistenceUnitInfo - No LoadTimeWeaver setup: ignoring JPA class transformer
2026-03-27 18:11:06 [] INFO  com.zaxxer.hikari.HikariDataSource - HikariPool-1 - Starting...
2026-03-27 18:11:06 [] INFO  com.zaxxer.hikari.pool.HikariPool - HikariPool-1 - Added connection conn0: url=jdbc:h2:mem:testdb user=SA
2026-03-27 18:11:06 [] INFO  com.zaxxer.hikari.HikariDataSource - HikariPool-1 - Start completed.
2026-03-27 18:11:06 [] WARN  org.hibernate.orm.deprecation - HHH90000025: H2Dialect does not need to be specified explicitly using 'hibernate.dialect' (remove the property setting and it will be selected by default)
2026-03-27 18:11:07 [] INFO  o.h.e.t.j.p.i.JtaPlatformInitiator - HHH000489: No JTA platform available (set 'hibernate.transaction.jta.platform' to enable JTA platform integration)
2026-03-27 18:11:07 [] DEBUG org.hibernate.SQL - drop table if exists chat_message cascade 
Hibernate: drop table if exists chat_message cascade 
2026-03-27 18:11:07 [] DEBUG org.hibernate.SQL - drop table if exists chat_room cascade 
Hibernate: drop table if exists chat_room cascade 
2026-03-27 18:11:07 [] DEBUG org.hibernate.SQL - drop table if exists chatroom_users cascade 
Hibernate: drop table if exists chatroom_users cascade 
2026-03-27 18:11:07 [] DEBUG org.hibernate.SQL - drop table if exists client cascade 
Hibernate: drop table if exists client cascade 
2026-03-27 18:11:07 [] DEBUG org.hibernate.SQL - drop table if exists dispatcher cascade 
Hibernate: drop table if exists dispatcher cascade 
2026-03-27 18:11:07 [] DEBUG org.hibernate.SQL - drop table if exists inventory cascade 
Hibernate: drop table if exists inventory cascade 
2026-03-27 18:11:07 [] DEBUG org.hibernate.SQL - drop table if exists invoices cascade 
Hibernate: drop table if exists invoices cascade 
2026-03-27 18:11:07 [] DEBUG org.hibernate.SQL - drop table if exists movement cascade 
Hibernate: drop table if exists movement cascade 
2026-03-27 18:11:07 [] DEBUG org.hibernate.SQL - drop table if exists notification cascade 
Hibernate: drop table if exists notification cascade 
2026-03-27 18:11:07 [] DEBUG org.hibernate.SQL - drop table if exists online_order cascade 
Hibernate: drop table if exists online_order cascade 
2026-03-27 18:11:07 [] DEBUG org.hibernate.SQL - drop table if exists orders cascade 
Hibernate: drop table if exists orders cascade 
2026-03-27 18:11:07 [] DEBUG org.hibernate.SQL - drop table if exists product cascade 
Hibernate: drop table if exists product cascade 
2026-03-27 18:11:07 [] DEBUG org.hibernate.SQL - drop table if exists role cascade 
Hibernate: drop table if exists role cascade 
2026-03-27 18:11:07 [] DEBUG org.hibernate.SQL - drop table if exists users cascade 
Hibernate: drop table if exists users cascade 
2026-03-27 18:11:07 [] DEBUG org.hibernate.SQL - drop table if exists warehouse cascade 
Hibernate: drop table if exists warehouse cascade 
2026-03-27 18:11:07 [] DEBUG org.hibernate.SQL - create table chat_message (is_read boolean not null, sent_at timestamp(6), id uuid not null, room_id uuid not null, sender_id uuid not null, content varchar(1024) not null, primary key (id))
Hibernate: create table chat_message (is_read boolean not null, sent_at timestamp(6), id uuid not null, room_id uuid not null, sender_id uuid not null, content varchar(1024) not null, primary key (id))
2026-03-27 18:11:07 [] DEBUG org.hibernate.SQL - create table chat_room (active boolean not null, created_at timestamp(6), updated_at timestamp(6), admin_id uuid, id uuid not null, name varchar(255) not null unique, primary key (id))
Hibernate: create table chat_room (active boolean not null, created_at timestamp(6), updated_at timestamp(6), admin_id uuid, id uuid not null, name varchar(255) not null unique, primary key (id))
2026-03-27 18:11:07 [] DEBUG org.hibernate.SQL - create table chatroom_users (room_id uuid not null, user_id uuid not null)
Hibernate: create table chatroom_users (room_id uuid not null, user_id uuid not null)
2026-03-27 18:11:07 [] DEBUG org.hibernate.SQL - create table client (active boolean not null, created_at timestamp(6), deleted_at timestamp(6), updated_at timestamp(6), id uuid not null, created_by varchar(255), deleted_by varchar(255), email varchar(255), identification varchar(255), location varchar(255), name varchar(255) not null, phone varchar(255), updated_by varchar(255), primary key (id))
Hibernate: create table client (active boolean not null, created_at timestamp(6), deleted_at timestamp(6), updated_at timestamp(6), id uuid not null, created_by varchar(255), deleted_by varchar(255), email varchar(255), identification varchar(255), location varchar(255), name varchar(255) not null, phone varchar(255), updated_by varchar(255), primary key (id))
2026-03-27 18:11:07 [] DEBUG org.hibernate.SQL - create table dispatcher (active boolean, created_at timestamp(6), deleted_at timestamp(6), updated_at timestamp(6), id uuid not null, identification varchar(50) not null unique, email varchar(254) unique, contact varchar(255), created_by varchar(255), deleted_by varchar(255), location varchar(255), name varchar(255) not null, phone varchar(255), updated_by varchar(255), primary key (id))
Hibernate: create table dispatcher (active boolean, created_at timestamp(6), deleted_at timestamp(6), updated_at timestamp(6), id uuid not null, identification varchar(50) not null unique, email varchar(254) unique, contact varchar(255), created_by varchar(255), deleted_by varchar(255), location varchar(255), name varchar(255) not null, phone varchar(255), updated_by varchar(255), primary key (id))
2026-03-27 18:11:07 [] DEBUG org.hibernate.SQL - create table inventory (active boolean not null, available_quantity numeric(12,3) not null, expiration_date date, production_date date, reserved_quantity numeric(12,3) not null, created_at timestamp(6), deleted_at timestamp(6), updated_at timestamp(6), version bigint, id uuid not null, product_id uuid not null, warehouse_id uuid not null, location varchar(128), lot varchar(128), created_by varchar(255), deleted_by varchar(255), updated_by varchar(255), primary key (id), unique (product_id, warehouse_id, lot))
Hibernate: create table inventory (active boolean not null, available_quantity numeric(12,3) not null, expiration_date date, production_date date, reserved_quantity numeric(12,3) not null, created_at timestamp(6), deleted_at timestamp(6), updated_at timestamp(6), version bigint, id uuid not null, product_id uuid not null, warehouse_id uuid not null, location varchar(128), lot varchar(128), created_by varchar(255), deleted_by varchar(255), updated_by varchar(255), primary key (id), unique (product_id, warehouse_id, lot))
2026-03-27 18:11:07 [] DEBUG org.hibernate.SQL - create table invoices (active boolean not null, subtotal numeric(12,2) not null, tax numeric(12,2) not null, total numeric(12,2) not null, created_at timestamp(6), deleted_at timestamp(6), updated_at timestamp(6), client_id uuid not null, id uuid not null, order_id uuid not null unique, number varchar(64) not null unique, created_by varchar(255), deleted_by varchar(255), updated_by varchar(255), status enum ('CANCELED','DRAFT','ISSUED','PAID') not null, primary key (id))
Hibernate: create table invoices (active boolean not null, subtotal numeric(12,2) not null, tax numeric(12,2) not null, total numeric(12,2) not null, created_at timestamp(6), deleted_at timestamp(6), updated_at timestamp(6), client_id uuid not null, id uuid not null, order_id uuid not null unique, number varchar(64) not null unique, created_by varchar(255), deleted_by varchar(255), updated_by varchar(255), status enum ('CANCELED','DRAFT','ISSUED','PAID') not null, primary key (id))
2026-03-27 18:11:07 [] DEBUG org.hibernate.SQL - create table movement (active boolean not null, quantity numeric(12,3) not null, created_at timestamp(6), deleted_at timestamp(6), updated_at timestamp(6), dispatcher_id uuid, id uuid not null, inventory_id uuid, order_id uuid, product_id uuid not null, user_id uuid not null, motive varchar(512), created_by varchar(255), deleted_by varchar(255), updated_by varchar(255), type enum ('ADJUSTMENT','ENTRY','EXIT','RESERVE') not null, primary key (id))
Hibernate: create table movement (active boolean not null, quantity numeric(12,3) not null, created_at timestamp(6), deleted_at timestamp(6), updated_at timestamp(6), dispatcher_id uuid, id uuid not null, inventory_id uuid, order_id uuid, product_id uuid not null, user_id uuid not null, motive varchar(512), created_by varchar(255), deleted_by varchar(255), updated_by varchar(255), type enum ('ADJUSTMENT','ENTRY','EXIT','RESERVE') not null, primary key (id))
2026-03-27 18:11:07 [] DEBUG org.hibernate.SQL - create table notification (is_read boolean not null, created_at timestamp(6), id uuid not null, user_id uuid not null, message varchar(512) not null, title varchar(255) not null, primary key (id))
Hibernate: create table notification (is_read boolean not null, created_at timestamp(6), id uuid not null, user_id uuid not null, message varchar(512) not null, title varchar(255) not null, primary key (id))
2026-03-27 18:11:07 [] DEBUG org.hibernate.SQL - create table online_order (active boolean not null, quantity numeric(12,3) not null, unit_price numeric(12,2) not null, created_at timestamp(6), deleted_at timestamp(6), updated_at timestamp(6), id uuid not null, inventory_id uuid not null, order_id uuid not null, product_id uuid not null, lot varchar(128), created_by varchar(255), deleted_by varchar(255), updated_by varchar(255), primary key (id))
Hibernate: create table online_order (active boolean not null, quantity numeric(12,3) not null, unit_price numeric(12,2) not null, created_at timestamp(6), deleted_at timestamp(6), updated_at timestamp(6), id uuid not null, inventory_id uuid not null, order_id uuid not null, product_id uuid not null, lot varchar(128), created_by varchar(255), deleted_by varchar(255), updated_by varchar(255), primary key (id))
2026-03-27 18:11:07 [] DEBUG org.hibernate.SQL - create table orders (active boolean not null, total numeric(12,2) not null, created_at timestamp(6), deleted_at timestamp(6), updated_at timestamp(6), client_id uuid not null, dispatcher_id uuid not null, id uuid not null, user_id uuid not null, warehouse_id uuid not null, created_by varchar(255), deleted_by varchar(255), updated_by varchar(255), status enum ('CANCELED','CONFIRMED','DELIVERED','DRAFT','PENDING') not null, primary key (id))
Hibernate: create table orders (active boolean not null, total numeric(12,2) not null, created_at timestamp(6), deleted_at timestamp(6), updated_at timestamp(6), client_id uuid not null, dispatcher_id uuid not null, id uuid not null, user_id uuid not null, warehouse_id uuid not null, created_by varchar(255), deleted_by varchar(255), updated_by varchar(255), status enum ('CANCELED','CONFIRMED','DELIVERED','DRAFT','PENDING') not null, primary key (id))
2026-03-27 18:11:07 [] DEBUG org.hibernate.SQL - create table product (active boolean not null, price numeric(12,2) not null, created_at timestamp(6), deleted_at timestamp(6), updated_at timestamp(6), id uuid not null, unit varchar(32) not null, sku varchar(64) not null unique, barcode varchar(128), category varchar(128), image_url varchar(512), created_by varchar(255), deleted_by varchar(255), name varchar(255) not null, updated_by varchar(255), primary key (id))
Hibernate: create table product (active boolean not null, price numeric(12,2) not null, created_at timestamp(6), deleted_at timestamp(6), updated_at timestamp(6), id uuid not null, unit varchar(32) not null, sku varchar(64) not null unique, barcode varchar(128), category varchar(128), image_url varchar(512), created_by varchar(255), deleted_by varchar(255), name varchar(255) not null, updated_by varchar(255), primary key (id))
2026-03-27 18:11:07 [] DEBUG org.hibernate.SQL - create table role (id bigint generated by default as identity, name enum ('ROLE_ADMIN','ROLE_AUDITOR','ROLE_DISPATCHER','ROLE_SELLER','ROLE_WAREHOUSE') not null, primary key (id))
Hibernate: create table role (id bigint generated by default as identity, name enum ('ROLE_ADMIN','ROLE_AUDITOR','ROLE_DISPATCHER','ROLE_SELLER','ROLE_WAREHOUSE') not null, primary key (id))
2026-03-27 18:11:07 [] DEBUG org.hibernate.SQL - create table users (active boolean not null, chat_notifications_enabled boolean not null, notifications_enabled boolean not null, created_at timestamp(6), deleted_at timestamp(6), last_login timestamp(6), role_id bigint not null, updated_at timestamp(6), id uuid not null, created_by varchar(255), deleted_by varchar(255), email varchar(255) not null unique, name varchar(255) not null, password varchar(255) not null, phone_number varchar(255) not null unique, surname varchar(255) not null, updated_by varchar(255), primary key (id))
Hibernate: create table users (active boolean not null, chat_notifications_enabled boolean not null, notifications_enabled boolean not null, created_at timestamp(6), deleted_at timestamp(6), last_login timestamp(6), role_id bigint not null, updated_at timestamp(6), id uuid not null, created_by varchar(255), deleted_by varchar(255), email varchar(255) not null unique, name varchar(255) not null, password varchar(255) not null, phone_number varchar(255) not null unique, surname varchar(255) not null, updated_by varchar(255), primary key (id))
2026-03-27 18:11:07 [] DEBUG org.hibernate.SQL - create table warehouse (active boolean not null, total_capacity integer not null, created_at timestamp(6), deleted_at timestamp(6), updated_at timestamp(6), id uuid not null, location varchar(512), created_by varchar(255), deleted_by varchar(255), name varchar(255) not null unique, updated_by varchar(255), primary key (id))
Hibernate: create table warehouse (active boolean not null, total_capacity integer not null, created_at timestamp(6), deleted_at timestamp(6), updated_at timestamp(6), id uuid not null, location varchar(512), created_by varchar(255), deleted_by varchar(255), name varchar(255) not null unique, updated_by varchar(255), primary key (id))
2026-03-27 18:11:07 [] DEBUG org.hibernate.SQL - alter table if exists chat_message add constraint FKfvbc4wvhk51y0qtnjrbminxfu foreign key (room_id) references chat_room
Hibernate: alter table if exists chat_message add constraint FKfvbc4wvhk51y0qtnjrbminxfu foreign key (room_id) references chat_room
2026-03-27 18:11:07 [] DEBUG org.hibernate.SQL - alter table if exists chat_message add constraint FK5f82aoyy0jiwpj08qapfrxbh6 foreign key (sender_id) references users
Hibernate: alter table if exists chat_message add constraint FK5f82aoyy0jiwpj08qapfrxbh6 foreign key (sender_id) references users
2026-03-27 18:11:07 [] DEBUG org.hibernate.SQL - alter table if exists chat_room add constraint FK1pwlvbvfisn05793o5byoujk5 foreign key (admin_id) references users
Hibernate: alter table if exists chat_room add constraint FK1pwlvbvfisn05793o5byoujk5 foreign key (admin_id) references users
2026-03-27 18:11:07 [] DEBUG org.hibernate.SQL - alter table if exists chatroom_users add constraint FK20cjfmn2vf1igr6a0xtfsb9ct foreign key (user_id) references users
Hibernate: alter table if exists chatroom_users add constraint FK20cjfmn2vf1igr6a0xtfsb9ct foreign key (user_id) references users
2026-03-27 18:11:07 [] DEBUG org.hibernate.SQL - alter table if exists chatroom_users add constraint FKikpk5t6qhos4ulsy9uudcbhmb foreign key (room_id) references chat_room
Hibernate: alter table if exists chatroom_users add constraint FKikpk5t6qhos4ulsy9uudcbhmb foreign key (room_id) references chat_room
2026-03-27 18:11:07 [] DEBUG org.hibernate.SQL - alter table if exists inventory add constraint FKp7gj4l80fx8v0uap3b2crjwp5 foreign key (product_id) references product
Hibernate: alter table if exists inventory add constraint FKp7gj4l80fx8v0uap3b2crjwp5 foreign key (product_id) references product
2026-03-27 18:11:07 [] DEBUG org.hibernate.SQL - alter table if exists inventory add constraint FKix9yxgetau1y25hhnv42gsiok foreign key (warehouse_id) references warehouse
Hibernate: alter table if exists inventory add constraint FKix9yxgetau1y25hhnv42gsiok foreign key (warehouse_id) references warehouse
2026-03-27 18:11:07 [] DEBUG org.hibernate.SQL - alter table if exists invoices add constraint FKio1utq0y89stthe5fdnk3ug8q foreign key (client_id) references client
Hibernate: alter table if exists invoices add constraint FKio1utq0y89stthe5fdnk3ug8q foreign key (client_id) references client
2026-03-27 18:11:07 [] DEBUG org.hibernate.SQL - alter table if exists invoices add constraint FK4ko3y00tkkk2ya3p6wnefjj2f foreign key (order_id) references orders
Hibernate: alter table if exists invoices add constraint FK4ko3y00tkkk2ya3p6wnefjj2f foreign key (order_id) references orders
2026-03-27 18:11:07 [] DEBUG org.hibernate.SQL - alter table if exists movement add constraint FK51eymayns4pii5maeh63uis7l foreign key (dispatcher_id) references dispatcher
Hibernate: alter table if exists movement add constraint FK51eymayns4pii5maeh63uis7l foreign key (dispatcher_id) references dispatcher
2026-03-27 18:11:07 [] DEBUG org.hibernate.SQL - alter table if exists movement add constraint FK2yfl4l3i5jfmd3f9kkrkdccj8 foreign key (inventory_id) references inventory
Hibernate: alter table if exists movement add constraint FK2yfl4l3i5jfmd3f9kkrkdccj8 foreign key (inventory_id) references inventory
2026-03-27 18:11:07 [] DEBUG org.hibernate.SQL - alter table if exists movement add constraint FKsa3e7pgps51jnt5p2l5ach16c foreign key (order_id) references orders
Hibernate: alter table if exists movement add constraint FKsa3e7pgps51jnt5p2l5ach16c foreign key (order_id) references orders
2026-03-27 18:11:07 [] DEBUG org.hibernate.SQL - alter table if exists movement add constraint FK3s6v0sledslv28calvywr9m2o foreign key (product_id) references product
Hibernate: alter table if exists movement add constraint FK3s6v0sledslv28calvywr9m2o foreign key (product_id) references product
2026-03-27 18:11:07 [] DEBUG org.hibernate.SQL - alter table if exists movement add constraint FKk0rm0x6ltbbvognho3xas4sqa foreign key (user_id) references users
Hibernate: alter table if exists movement add constraint FKk0rm0x6ltbbvognho3xas4sqa foreign key (user_id) references users
2026-03-27 18:11:07 [] DEBUG org.hibernate.SQL - alter table if exists notification add constraint FKnk4ftb5am9ubmkv1661h15ds9 foreign key (user_id) references users
Hibernate: alter table if exists notification add constraint FKnk4ftb5am9ubmkv1661h15ds9 foreign key (user_id) references users
2026-03-27 18:11:07 [] DEBUG org.hibernate.SQL - alter table if exists online_order add constraint FKkqmdyq82t81o7cqfp6tqsh4y4 foreign key (inventory_id) references inventory
Hibernate: alter table if exists online_order add constraint FKkqmdyq82t81o7cqfp6tqsh4y4 foreign key (inventory_id) references inventory
2026-03-27 18:11:07 [] DEBUG org.hibernate.SQL - alter table if exists online_order add constraint FKtir2w0xp11bewm4deeermevxl foreign key (order_id) references orders
Hibernate: alter table if exists online_order add constraint FKtir2w0xp11bewm4deeermevxl foreign key (order_id) references orders
2026-03-27 18:11:07 [] DEBUG org.hibernate.SQL - alter table if exists online_order add constraint FKjn7pb0mjxinkih3aa6d1itp5c foreign key (product_id) references product
Hibernate: alter table if exists online_order add constraint FKjn7pb0mjxinkih3aa6d1itp5c foreign key (product_id) references product
2026-03-27 18:11:07 [] DEBUG org.hibernate.SQL - alter table if exists orders add constraint FK17yo6gry2nuwg2erwhbaxqbs9 foreign key (client_id) references client
Hibernate: alter table if exists orders add constraint FK17yo6gry2nuwg2erwhbaxqbs9 foreign key (client_id) references client
2026-03-27 18:11:07 [] DEBUG org.hibernate.SQL - alter table if exists orders add constraint FKforw6ra34gbfjh4x41jplecji foreign key (dispatcher_id) references dispatcher
Hibernate: alter table if exists orders add constraint FKforw6ra34gbfjh4x41jplecji foreign key (dispatcher_id) references dispatcher
2026-03-27 18:11:07 [] DEBUG org.hibernate.SQL - alter table if exists orders add constraint FK32ql8ubntj5uh44ph9659tiih foreign key (user_id) references users
Hibernate: alter table if exists orders add constraint FK32ql8ubntj5uh44ph9659tiih foreign key (user_id) references users
2026-03-27 18:11:07 [] DEBUG org.hibernate.SQL - alter table if exists orders add constraint FKng7m6enak1pgyarn16ntgscwv foreign key (warehouse_id) references warehouse
Hibernate: alter table if exists orders add constraint FKng7m6enak1pgyarn16ntgscwv foreign key (warehouse_id) references warehouse
2026-03-27 18:11:07 [] DEBUG org.hibernate.SQL - alter table if exists users add constraint FK4qu1gr772nnf6ve5af002rwya foreign key (role_id) references role
Hibernate: alter table if exists users add constraint FK4qu1gr772nnf6ve5af002rwya foreign key (role_id) references role
2026-03-27 18:11:07 [] INFO  o.s.o.j.LocalContainerEntityManagerFactoryBean - Initialized JPA EntityManagerFactory for persistence unit 'default'
2026-03-27 18:11:08 [] INFO  o.s.d.j.r.query.QueryEnhancerFactory - Hibernate is in classpath; If applicable, HQL parser will be used.
2026-03-27 18:11:09 [] WARN  o.s.b.a.o.j.JpaBaseConfiguration$JpaWebConfiguration - spring.jpa.open-in-view is enabled by default. Therefore, database queries may be performed during view rendering. Explicitly configure spring.jpa.open-in-view to disable this warning
2026-03-27 18:11:09 [] INFO  o.s.s.c.a.a.c.InitializeUserDetailsBeanManagerConfigurer$InitializeUserDetailsManagerConfigurer - Global AuthenticationManager configured with UserDetailsService bean with name authUserService
2026-03-27 18:11:09 [] INFO  o.s.b.a.e.web.EndpointLinksResolver - Exposing 3 endpoints beneath base path '/actuator'
2026-03-27 18:11:10 [] INFO  o.s.m.s.b.SimpleBrokerMessageHandler - Starting...
2026-03-27 18:11:10 [] INFO  o.s.m.s.b.SimpleBrokerMessageHandler - BrokerAvailabilityEvent[available=true, SimpleBrokerMessageHandler [org.springframework.messaging.simp.broker.DefaultSubscriptionRegistry@5d07d8a6]]
2026-03-27 18:11:10 [] INFO  o.s.m.s.b.SimpleBrokerMessageHandler - Started.
2026-03-27 18:11:10 [] INFO  c.sigi.SigiBackendApplicationTests - Started SigiBackendApplicationTests in 5.688 seconds (process running for 16.389)
]]></system-out>
  </testcase>
</testsuite>